<?xml version="1.0" encoding="UTF-8"?>
<!-- Generated by org.testng.reporters.JUnitReportReporter -->
<testsuite hostname="TS1WLKP" failures="0" tests="2" name="test.LoginTest" time="46.664" errors="0" timestamp="2023-08-23T15:26:54 IST" skipped="0">
  <testcase classname="test.LoginTest" name="login" time="28.154"/>
  <system-out/>
  <testcase classname="test.LoginTest" name="login" time="18.510"/>
  <system-out/>
</testsuite> <!-- test.LoginTest -->
