<?xml version="1.0" encoding="UTF-8"?>
<!-- Generated by org.testng.reporters.JUnitReportReporter -->
<testsuite hostname="TS1WLKP" failures="0" tests="1" name="test.AddToCartTest" time="19.485" errors="0" timestamp="2023-08-23T15:26:54 IST" skipped="0">
  <testcase classname="test.AddToCartTest" name="addToCart" time="19.485"/>
  <system-out/>
</testsuite> <!-- test.AddToCartTest -->
