<?xml version="1.0" encoding="UTF-8"?>
<!-- Generated by org.testng.reporters.JUnitReportReporter -->
<testsuite hostname="TS1WLKP" failures="0" tests="1" name="demo.FameWorkProject.AppTest" time="0.005" errors="0" timestamp="2023-08-23T15:26:54 IST" skipped="0">
  <testcase classname="demo.FameWorkProject.AppTest" name="shouldAnswerWithTrue" time="0.005"/>
  <system-out/>
</testsuite> <!-- demo.FameWorkProject.AppTest -->
