<?xml version="1.0" encoding="UTF-8"?>
<!-- Generated by org.testng.reporters.JUnitReportReporter -->
<testsuite hostname="TS1WLKP" failures="0" tests="2" name="test.LoginTest" time="50.086" errors="0" timestamp="2023-08-23T15:25:03 IST" skipped="0">
  <testcase classname="test.LoginTest" name="login" time="29.769"/>
  <system-out/>
  <testcase classname="test.LoginTest" name="login" time="20.317"/>
  <system-out/>
</testsuite> <!-- test.LoginTest -->
