<?xml version="1.0" encoding="UTF-8"?>
<!-- Generated by org.testng.reporters.JUnitReportReporter -->
<testsuite hostname="TS1WLKP" failures="0" tests="1" name="runner.Runner" time="44.368" errors="0" timestamp="2023-08-23T13:13:18 IST" skipped="0">
  <testcase classname="runner.Runner" name="runScenario" time="44.368"/>
  <system-out/>
</testsuite> <!-- runner.Runner -->
